{"/Users/danila.p/My-Repos/backend-project-lvl3/src/index.js": {"path":"/Users/danila.p/My-Repos/backend-project-lvl3/src/index.js","all":false,"statementMap":{"0":{"start":{"line":1,"column":0},"end":{"line":1,"column":24}}},"s":{"0":1},"branchMap":{"0":{"type":"branch","line":1,"loc":{"start":{"line":1,"column":0},"end":{"line":1,"column":24}},"locations":[{"start":{"line":1,"column":0},"end":{"line":1,"column":24}}]},"1":{"type":"branch","line":1,"loc":{"start":{"line":1,"column":15},"end":{"line":1,"column":23}},"locations":[{"start":{"line":1,"column":15},"end":{"line":1,"column":23}}]}},"b":{"0":[1],"1":[1]},"fnMap":{"0":{"name":"default","decl":{"start":{"line":1,"column":15},"end":{"line":1,"column":23}},"loc":{"start":{"line":1,"column":15},"end":{"line":1,"column":23}},"line":1}},"f":{"0":1}}
}
